05/25/2020 07:27:43 PM: INFO: Element found with locator: //a[contains(text(),'Login')] and  locatorType: xpath
05/25/2020 07:27:44 PM: INFO: Clicked on element with locator: //a[contains(text(),'Login')] locatorType: xpath
05/25/2020 07:27:44 PM: INFO: Waiting for maximum :: 10 :: seconds for element to be clickable
05/25/2020 07:27:54 PM: INFO: Element not appeared on the web page
05/25/2020 07:27:55 PM: INFO: Element found with locator: user_email and  locatorType: id
05/25/2020 07:27:55 PM: INFO: Sent data on element with locator: user_email locatorType: id
05/25/2020 07:27:55 PM: INFO: Element found with locator: user_password and  locatorType: id
05/25/2020 07:27:55 PM: INFO: Sent data on element with locator: user_password locatorType: id
05/25/2020 07:27:55 PM: INFO: Element found with locator: commit and  locatorType: name
05/25/2020 07:27:57 PM: INFO: Clicked on element with locator: commit locatorType: name
05/25/2020 07:27:57 PM: INFO: Element found with locator: //div[contains(text(),'Invalid email or password.')] and  locatorType: xpath
05/25/2020 07:27:57 PM: INFO: Element Found
05/25/2020 07:28:03 PM: INFO: Element found with locator: //a[contains(text(),'Login')] and  locatorType: xpath
05/25/2020 07:28:03 PM: INFO: Clicked on element with locator: //a[contains(text(),'Login')] locatorType: xpath
05/25/2020 07:28:03 PM: INFO: Waiting for maximum :: 10 :: seconds for element to be clickable
05/25/2020 07:28:13 PM: INFO: Element not appeared on the web page
05/25/2020 07:28:13 PM: INFO: Element found with locator: user_email and  locatorType: id
05/25/2020 07:28:13 PM: INFO: Sent data on element with locator: user_email locatorType: id
05/25/2020 07:28:13 PM: INFO: Element found with locator: user_password and  locatorType: id
05/25/2020 07:28:13 PM: INFO: Sent data on element with locator: user_password locatorType: id
05/25/2020 07:28:14 PM: INFO: Element found with locator: commit and  locatorType: name
05/25/2020 07:28:20 PM: INFO: Clicked on element with locator: commit locatorType: name
05/25/2020 07:28:20 PM: INFO: Element found with locator: //a[contains(text(),'My Courses')] and  locatorType: xpath
05/25/2020 07:28:20 PM: INFO: Element Found
05/25/2020 09:52:00 PM: INFO: Element found with locator: //a[contains(text(),'Login')] and  locatorType: xpath
05/25/2020 09:52:00 PM: INFO: Cannot click on the element with locator: //a[contains(text(),'Login')] locatorType: xpath
05/25/2020 09:52:00 PM: INFO: Waiting for maximum :: 10 :: seconds for element to be clickable
05/25/2020 09:52:10 PM: INFO: Element not appeared on the web page
05/25/2020 09:52:10 PM: INFO: Element not found with locator: user_email and  locatorType: id
05/25/2020 09:52:10 PM: INFO: Cannot send data on the element with locator: user_email locatorType: id
05/25/2020 09:52:10 PM: INFO: Element not found with locator: user_password and  locatorType: id
05/25/2020 09:52:10 PM: INFO: Cannot send data on the element with locator: user_password locatorType: id
05/25/2020 09:52:10 PM: INFO: Element not found with locator: commit and  locatorType: name
05/25/2020 09:52:10 PM: INFO: Cannot click on the element with locator: commit locatorType: name
05/25/2020 09:52:10 PM: INFO: Element not found with locator: //div[contains(text(),'Invalid email or password.')] and  locatorType: xpath
05/25/2020 09:52:10 PM: INFO: Element not found
05/25/2020 09:52:16 PM: INFO: Element found with locator: //a[contains(text(),'Login')] and  locatorType: xpath
05/25/2020 09:52:16 PM: INFO: Cannot click on the element with locator: //a[contains(text(),'Login')] locatorType: xpath
05/25/2020 09:52:16 PM: INFO: Waiting for maximum :: 10 :: seconds for element to be clickable
05/25/2020 09:52:26 PM: INFO: Element not appeared on the web page
05/25/2020 09:52:26 PM: INFO: Element not found with locator: user_email and  locatorType: id
05/25/2020 09:52:26 PM: INFO: Cannot send data on the element with locator: user_email locatorType: id
05/25/2020 09:52:26 PM: INFO: Element not found with locator: user_password and  locatorType: id
05/25/2020 09:52:26 PM: INFO: Cannot send data on the element with locator: user_password locatorType: id
05/25/2020 09:52:26 PM: INFO: Element not found with locator: commit and  locatorType: name
05/25/2020 09:52:26 PM: INFO: Cannot click on the element with locator: commit locatorType: name
05/25/2020 09:52:26 PM: INFO: Element not found with locator: //a[contains(text(),'My Courses')] and  locatorType: xpath
05/25/2020 09:52:26 PM: INFO: Element not found
05/25/2020 09:54:50 PM: INFO: Element found with locator: //a[contains(text(),'Login')] and  locatorType: xpath
05/25/2020 09:54:50 PM: INFO: Cannot click on the element with locator: //a[contains(text(),'Login')] locatorType: xpath
05/25/2020 09:54:50 PM: INFO: Waiting for maximum :: 10 :: seconds for element to be clickable
05/25/2020 09:55:00 PM: INFO: Element not appeared on the web page
05/25/2020 09:55:00 PM: INFO: Element not found with locator: user_email and  locatorType: id
05/25/2020 09:55:00 PM: INFO: Cannot send data on the element with locator: user_email locatorType: id
05/25/2020 09:55:00 PM: INFO: Element not found with locator: user_password and  locatorType: id
05/25/2020 09:55:00 PM: INFO: Cannot send data on the element with locator: user_password locatorType: id
05/25/2020 09:55:00 PM: INFO: Element not found with locator: commit and  locatorType: name
05/25/2020 09:55:00 PM: INFO: Cannot click on the element with locator: commit locatorType: name
05/25/2020 09:55:00 PM: INFO: Element not found with locator: //div[contains(text(),'Invalid email or password.')] and  locatorType: xpath
05/25/2020 09:55:00 PM: INFO: Element not found
05/25/2020 09:55:08 PM: INFO: Element found with locator: //a[contains(text(),'Login')] and  locatorType: xpath
05/25/2020 09:55:08 PM: INFO: Cannot click on the element with locator: //a[contains(text(),'Login')] locatorType: xpath
05/25/2020 09:55:08 PM: INFO: Waiting for maximum :: 10 :: seconds for element to be clickable
05/25/2020 09:55:08 PM: INFO: Element not appeared on the web page
05/25/2020 09:55:08 PM: INFO: Element not found with locator: user_email and  locatorType: id
05/25/2020 09:55:08 PM: INFO: Cannot send data on the element with locator: user_email locatorType: id
05/25/2020 09:55:08 PM: INFO: Element not found with locator: user_password and  locatorType: id
05/25/2020 09:55:08 PM: INFO: Cannot send data on the element with locator: user_password locatorType: id
05/25/2020 09:55:08 PM: INFO: Element not found with locator: commit and  locatorType: name
05/25/2020 09:55:08 PM: INFO: Cannot click on the element with locator: commit locatorType: name
05/25/2020 09:55:08 PM: INFO: Element not found with locator: //a[contains(text(),'My Courses')] and  locatorType: xpath
05/25/2020 09:55:08 PM: INFO: Element not found
05/25/2020 09:55:16 PM: INFO: Element found with locator: //a[contains(text(),'Login')] and  locatorType: xpath
05/25/2020 09:55:16 PM: INFO: Clicked on element with locator: //a[contains(text(),'Login')] locatorType: xpath
05/25/2020 09:55:16 PM: INFO: Waiting for maximum :: 10 :: seconds for element to be clickable
05/25/2020 09:55:26 PM: INFO: Element not appeared on the web page
05/25/2020 09:55:26 PM: INFO: Element found with locator: user_email and  locatorType: id
05/25/2020 09:55:26 PM: INFO: Sent data on element with locator: user_email locatorType: id
05/25/2020 09:55:26 PM: INFO: Element found with locator: user_password and  locatorType: id
05/25/2020 09:55:26 PM: INFO: Sent data on element with locator: user_password locatorType: id
05/25/2020 09:55:26 PM: INFO: Element found with locator: commit and  locatorType: name
05/25/2020 09:55:29 PM: INFO: Clicked on element with locator: commit locatorType: name
05/25/2020 09:55:29 PM: INFO: Element found with locator: //div[contains(text(),'Invalid email or password.')] and  locatorType: xpath
05/25/2020 09:55:29 PM: INFO: Element Found
05/25/2020 09:55:35 PM: INFO: Element found with locator: //a[contains(text(),'Login')] and  locatorType: xpath
05/25/2020 09:55:35 PM: INFO: Clicked on element with locator: //a[contains(text(),'Login')] locatorType: xpath
05/25/2020 09:55:35 PM: INFO: Waiting for maximum :: 10 :: seconds for element to be clickable
05/25/2020 09:55:46 PM: INFO: Element not appeared on the web page
05/25/2020 09:55:46 PM: INFO: Element found with locator: user_email and  locatorType: id
05/25/2020 09:55:46 PM: INFO: Sent data on element with locator: user_email locatorType: id
05/25/2020 09:55:46 PM: INFO: Element found with locator: user_password and  locatorType: id
05/25/2020 09:55:46 PM: INFO: Sent data on element with locator: user_password locatorType: id
05/25/2020 09:55:46 PM: INFO: Element found with locator: commit and  locatorType: name
05/25/2020 09:55:50 PM: INFO: Clicked on element with locator: commit locatorType: name
05/25/2020 09:55:50 PM: INFO: Element found with locator: //a[contains(text(),'My Courses')] and  locatorType: xpath
05/25/2020 09:55:50 PM: INFO: Element Found
05/25/2020 10:01:01 PM: INFO: Element found with locator: //a[contains(text(),'Login')] and  locatorType: xpath
05/25/2020 10:01:01 PM: INFO: Clicked on element with locator: //a[contains(text(),'Login')] locatorType: xpath
05/25/2020 10:01:01 PM: INFO: Waiting for maximum :: 10 :: seconds for element to be clickable
05/25/2020 10:01:12 PM: INFO: Element not appeared on the web page
05/25/2020 10:01:12 PM: INFO: Element found with locator: user_email and  locatorType: id
05/25/2020 10:01:12 PM: INFO: Sent data on element with locator: user_email locatorType: id
05/25/2020 10:01:12 PM: INFO: Element found with locator: user_password and  locatorType: id
05/25/2020 10:01:12 PM: INFO: Sent data on element with locator: user_password locatorType: id
05/25/2020 10:01:12 PM: INFO: Element found with locator: commit and  locatorType: name
05/25/2020 10:01:15 PM: INFO: Clicked on element with locator: commit locatorType: name
05/25/2020 10:01:15 PM: INFO: Element found with locator: //div[contains(text(),'Invalid email or password.')] and  locatorType: xpath
05/25/2020 10:01:15 PM: INFO: Element Found
05/25/2020 10:01:22 PM: INFO: Element found with locator: //a[contains(text(),'Login')] and  locatorType: xpath
05/25/2020 10:01:22 PM: INFO: Clicked on element with locator: //a[contains(text(),'Login')] locatorType: xpath
05/25/2020 10:01:22 PM: INFO: Waiting for maximum :: 10 :: seconds for element to be clickable
05/25/2020 10:01:32 PM: INFO: Element not appeared on the web page
05/25/2020 10:01:32 PM: INFO: Element found with locator: user_email and  locatorType: id
05/25/2020 10:01:32 PM: INFO: Sent data on element with locator: user_email locatorType: id
05/25/2020 10:01:32 PM: INFO: Element found with locator: user_password and  locatorType: id
05/25/2020 10:01:32 PM: INFO: Sent data on element with locator: user_password locatorType: id
05/25/2020 10:01:32 PM: INFO: Element found with locator: commit and  locatorType: name
05/25/2020 10:01:38 PM: INFO: Clicked on element with locator: commit locatorType: name
05/25/2020 10:01:39 PM: INFO: Element found with locator: //a[contains(text(),'My Courses')] and  locatorType: xpath
05/25/2020 10:01:39 PM: INFO: Element Found
05/25/2020 10:04:11 PM: INFO: Element found with locator: //a[contains(text(),'Login')] and  locatorType: xpath
05/25/2020 10:04:11 PM: INFO: Clicked on element with locator: //a[contains(text(),'Login')] locatorType: xpath
05/25/2020 10:04:11 PM: INFO: Waiting for maximum :: 10 :: seconds for element to be clickable
05/25/2020 10:04:22 PM: INFO: Element not appeared on the web page
05/25/2020 10:04:22 PM: INFO: Element found with locator: user_email and  locatorType: id
05/25/2020 10:04:22 PM: INFO: Sent data on element with locator: user_email locatorType: id
05/25/2020 10:04:22 PM: INFO: Element found with locator: user_password and  locatorType: id
05/25/2020 10:04:22 PM: INFO: Sent data on element with locator: user_password locatorType: id
05/25/2020 10:04:22 PM: INFO: Element found with locator: commit and  locatorType: name
05/25/2020 10:04:24 PM: INFO: Clicked on element with locator: commit locatorType: name
05/25/2020 10:04:24 PM: INFO: Element found with locator: //div[contains(text(),'Invalid email or password.')] and  locatorType: xpath
05/25/2020 10:04:24 PM: INFO: Element Found
05/25/2020 10:04:30 PM: INFO: Element found with locator: //a[contains(text(),'Login')] and  locatorType: xpath
05/25/2020 10:04:30 PM: INFO: Clicked on element with locator: //a[contains(text(),'Login')] locatorType: xpath
05/25/2020 10:04:30 PM: INFO: Waiting for maximum :: 10 :: seconds for element to be clickable
05/25/2020 10:04:41 PM: INFO: Element not appeared on the web page
05/25/2020 10:04:41 PM: INFO: Element found with locator: user_email and  locatorType: id
05/25/2020 10:04:41 PM: INFO: Sent data on element with locator: user_email locatorType: id
05/25/2020 10:04:41 PM: INFO: Element found with locator: user_password and  locatorType: id
05/25/2020 10:04:41 PM: INFO: Sent data on element with locator: user_password locatorType: id
05/25/2020 10:04:41 PM: INFO: Element found with locator: commit and  locatorType: name
05/25/2020 10:04:45 PM: INFO: Clicked on element with locator: commit locatorType: name
05/25/2020 10:04:45 PM: INFO: Element found with locator: //a[contains(text(),'My Courses')] and  locatorType: xpath
05/25/2020 10:04:45 PM: INFO: Element Found
