05/26/2020 08:17:36 PM: INFO: Element found with locator: //a[contains(text(),'Login')] and  locatorType: xpath
05/26/2020 08:17:36 PM: INFO: Clicked on element with locator: //a[contains(text(),'Login')] locatorType: xpath
05/26/2020 08:17:46 PM: INFO: Element found with locator: //input[@id='user_email'] and  locatorType: xpath
05/26/2020 08:17:46 PM: INFO: Sent data on element with locator: //input[@id='user_email'] locatorType: xpath
05/26/2020 08:17:46 PM: INFO: Element found with locator: //input[@id = 'user_password'] and  locatorType: xpath
05/26/2020 08:17:46 PM: INFO: Sent data on element with locator: //input[@id = 'user_password'] locatorType: xpath
05/26/2020 08:17:46 PM: INFO: Element found with locator: commit and  locatorType: name
05/26/2020 08:17:49 PM: INFO: Clicked on element with locator: commit locatorType: name
05/26/2020 08:17:49 PM: INFO: Element found with locator: //div[contains(text(),'Invalid email or password.')] and  locatorType: xpath
05/26/2020 08:17:49 PM: INFO: Element Found
05/26/2020 08:17:58 PM: INFO: Element found with locator: //a[contains(text(),'Login')] and  locatorType: xpath
05/26/2020 08:17:58 PM: INFO: Clicked on element with locator: //a[contains(text(),'Login')] locatorType: xpath
05/26/2020 08:18:08 PM: INFO: Element found with locator: //input[@id='user_email'] and  locatorType: xpath
05/26/2020 08:18:08 PM: INFO: Sent data on element with locator: //input[@id='user_email'] locatorType: xpath
05/26/2020 08:18:08 PM: INFO: Element found with locator: //input[@id = 'user_password'] and  locatorType: xpath
05/26/2020 08:18:08 PM: INFO: Sent data on element with locator: //input[@id = 'user_password'] locatorType: xpath
05/26/2020 08:18:08 PM: INFO: Element found with locator: commit and  locatorType: name
05/26/2020 08:18:14 PM: INFO: Clicked on element with locator: commit locatorType: name
05/26/2020 08:18:14 PM: INFO: Element found with locator: //a[contains(text(),'My Courses')] and  locatorType: xpath
05/26/2020 08:18:14 PM: INFO: Element Found
